<?xml version="1.0" encoding="UTF-8"?>
<!-- Generated by org.testng.reporters.JUnitReportReporter -->
<testsuite skipped="0" hostname="DESKTOP-3SL4LUB" name="testcases.TestParametersDataProviderThreadLocal" tests="2" failures="0" timestamp="05 Jun 2019 12:58:12 GMT" time="33.887" errors="0">
  <testcase name="launchBrowser" time="10.964" classname="testcases.TestParametersDataProviderThreadLocal"/>
  <testcase name="launchBrowser" time="22.923" classname="testcases.TestParametersDataProviderThreadLocal"/>
</testsuite> <!-- testcases.TestParametersDataProviderThreadLocal -->
