<?xml version="1.0" encoding="UTF-8"?>
<!-- Generated by org.testng.reporters.JUnitReportReporter -->
<testsuite skipped="0" hostname="DESKTOP-3SL4LUB" name="testcases.TestParallelDataProviderThreadLocal" tests="2" failures="0" timestamp="05 Jun 2019 13:28:47 GMT" time="28.503" errors="0">
  <testcase name="launchBrowser" time="10.222" classname="testcases.TestParallelDataProviderThreadLocal"/>
  <testcase name="launchBrowser" time="18.281" classname="testcases.TestParallelDataProviderThreadLocal"/>
</testsuite> <!-- testcases.TestParallelDataProviderThreadLocal -->
