<?xml version="1.0" encoding="UTF-8"?>
<!-- Generated by org.testng.reporters.JUnitReportReporter -->
<testsuite skipped="0" hostname="CHANDRA" name="testcases.TestCase1" tests="2" failures="0" timestamp="08 Sep 2020 17:01:47 GMT" time="0.010" errors="0">
  <testcase name="doUserReg" time="0.008" classname="testcases.TestCase1"/>
  <testcase name="doLogin" time="0.002" classname="testcases.TestCase1"/>
</testsuite> <!-- testcases.TestCase1 -->
